<?xml version="1.0" encoding="UTF-8"?>
<testsuite xmlns:xsi="http://www.w3.org/2001/XMLSchema-instance" xsi:noNamespaceSchemaLocation="https://maven.apache.org/surefire/maven-surefire-plugin/xsd/surefire-test-report.xsd" name="org.example.AppTest" time="0.05" tests="2" errors="1" skipped="0" failures="0">
  <properties>
[...]
</properties>
  <testcase name="PluginManagerTest" classname="org.example.AppTest" time="0.02"/>
  <testcase name="cryptTest" classname="org.example.AppTest" time="0.005">
    <error message="C:\Users\admin\Desktop\HW7\target\classes\pluginRootDirectory\HelloPlugin\HelloPlugin.class" type="java.nio.file.NoSuchFileException">java.nio.file.NoSuchFileException: C:\Users\admin\Desktop\HW7\target\classes\pluginRootDirectory\HelloPlugin\HelloPlugin.class
	at org.example.AppTest.cryptTest(AppTest.java:52)
</error>
    <system-out><![CDATA[Hello!
]]></system-out>
  </testcase>
</testsuite>